<?xml version="1.0" encoding="UTF-8"?>
<!-- Generated by org.testng.reporters.JUnitXMLReporter -->
<testsuite hostname="AFSWWP8ZAOSVQV" ignored="0" name="FirefoxTest" tests="7" failures="1" timestamp="18 Mar 2019 18:04:55 GMT" time="40.455" errors="0">
  <testcase name="shouldGetClient" time="6.591" classname="com.boot.brightideas.ui.MultiBrowserSanityTest"/>
  <testcase name="shouldGetGoogle" time="2.697" classname="com.boot.brightideas.ui.MultiBrowserSanityTest"/>
  <testcase name="shouldGetProvider" time="0.766" classname="com.boot.brightideas.ui.MultiBrowserSanityTest"/>
  <testcase name="shouldLogin" time="8.142" classname="com.boot.brightideas.ui.MultiBrowserSanityTest"/>
  <testcase name="shouldNavigateToLogin" time="5.19" classname="com.boot.brightideas.ui.MultiBrowserSanityTest"/>
  <testcase name="shouldRegisterNewUserAndDisplayProfilePage" time="9.223" classname="com.boot.brightideas.ui.MultiBrowserSanityTest">
    <failure type="org.openqa.selenium.TimeoutException" message="Expected condition failed: waiting for presence of element located by: By.cssSelector: button.user-context (tried for 2 second(s) with 500 milliseconds interval)">
      <![CDATA[org.openqa.selenium.TimeoutException: Expected condition failed: waiting for presence of element located by: By.cssSelector: button.user-context (tried for 2 second(s) with 500 milliseconds interval)
at org.openqa.selenium.support.ui.WebDriverWait.timeoutException(WebDriverWait.java:113)
at org.openqa.selenium.support.ui.FluentWait.until(FluentWait.java:283)
at com.boot.brightideas.ui.MultiBrowserSanityTest.shouldRegisterNewUserAndDisplayProfilePage(MultiBrowserSanityTest.java:167)
Caused by: org.openqa.selenium.NoSuchElementException: Cannot locate an element using By.cssSelector: button.user-context
For documentation on this error, please visit: http://seleniumhq.org/exceptions/no_such_element.html
Build info: version: '3.14.0', revision: 'aacccce0', time: '2018-08-02T20:19:58.91Z'
System info: host: 'AFSWWP8ZAOSVQV', ip: '192.168.56.1', os.name: 'Windows 10', os.arch: 'amd64', os.version: '10.0', java.version: '1.8.0_191'
Driver info: driver.version: unknown
at org.openqa.selenium.support.ui.ExpectedConditions.lambda$findElement$0(ExpectedConditions.java:896)
at java.util.Optional.orElseThrow(Optional.java:290)
at org.openqa.selenium.support.ui.ExpectedConditions.findElement(ExpectedConditions.java:895)
at org.openqa.selenium.support.ui.ExpectedConditions.access$000(ExpectedConditions.java:44)
at org.openqa.selenium.support.ui.ExpectedConditions$6.apply(ExpectedConditions.java:183)
at org.openqa.selenium.support.ui.ExpectedConditions$6.apply(ExpectedConditions.java:180)
at org.openqa.selenium.support.ui.FluentWait.until(FluentWait.java:260)
... 26 more
... Removed 25 stack frames]]>
    </failure>
  </testcase> <!-- shouldRegisterNewUserAndDisplayProfilePage -->
  <testcase name="shouldDeleteRegisteredUser" time="0.0" classname="com.boot.brightideas.ui.MultiBrowserSanityTest">
    <skipped/>
  </testcase> <!-- shouldDeleteRegisteredUser -->
</testsuite> <!-- FirefoxTest -->
